<?xml version="1.0" encoding="UTF-8"?>
<!-- Generated by org.testng.reporters.JUnitXMLReporter -->
<testsuite hostname="PG014UCR" name="Samsung7" tests="1" failures="1" timestamp="29 May 2018 05:42:41 GMT" time="618.31" errors="0">
  <testcase name="runCukes" time="618.064" classname="runner.com.cdNewCar.AndroidWebFramework.Runner_NewCarVerification">
    <failure type="cucumber.runtime.CucumberException" message="java.lang.NullPointerException">
      <![CDATA[cucumber.runtime.CucumberException: java.lang.NullPointerException
	at cucumber.api.testng.TestNGCucumberRunner.runCukes(TestNGCucumberRunner.java:57)
	at runner.com.cdNewCar.AndroidWebFramework.Runner_NewCarVerification.runCukes(Runner_NewCarVerification.java:116)
	at sun.reflect.NativeMethodAccessorImpl.invoke0(Native Method)
	at sun.reflect.NativeMethodAccessorImpl.invoke(Unknown Source)
	at sun.reflect.DelegatingMethodAccessorImpl.invoke(Unknown Source)
	at java.lang.reflect.Method.invoke(Unknown Source)
	at org.testng.internal.MethodInvocationHelper.invokeMethod(MethodInvocationHelper.java:85)
	at org.testng.internal.Invoker.invokeMethod(Invoker.java:639)
	at org.testng.internal.Invoker.invokeTestMethod(Invoker.java:816)
	at org.testng.internal.Invoker.invokeTestMethods(Invoker.java:1124)
	at org.testng.internal.TestMethodWorker.invokeTestMethods(TestMethodWorker.java:125)
	at org.testng.internal.TestMethodWorker.run(TestMethodWorker.java:108)
	at org.testng.TestRunner.privateRun(TestRunner.java:774)
	at org.testng.TestRunner.run(TestRunner.java:624)
	at org.testng.SuiteRunner.runTest(SuiteRunner.java:359)
	at org.testng.SuiteRunner.access$000(SuiteRunner.java:39)
	at org.testng.SuiteRunner$SuiteWorker.run(SuiteRunner.java:393)
	at org.testng.internal.thread.ThreadUtil$2.call(ThreadUtil.java:64)
	at java.util.concurrent.FutureTask.run(Unknown Source)
	at java.util.concurrent.ThreadPoolExecutor.runWorker(Unknown Source)
	at java.util.concurrent.ThreadPoolExecutor$Worker.run(Unknown Source)
	at java.lang.Thread.run(Unknown Source)
Caused by: java.lang.NullPointerException
	at com.cucumber.framework.Helper.Wait.WaitHelper.<init>(WaitHelper.java:28)
	at com.cucumber.framework.pageobject.Pg_HomePage_AndroidWeb.<init>(Pg_HomePage_AndroidWeb.java:34)
	at com.cucumber.framework.stepdefinition.NewCar.TC_01_NewCarPageDisplayVerification.user_verifies_home_page_is_displayed(TC_01_NewCarPageDisplayVerification.java:33)
	at ✽.Then user verifies home page is displayed(featurefile/NewCar/NewCar.feature:8)
]]>
    </failure>
  </testcase> <!-- runCukes -->
</testsuite> <!-- Samsung7 -->
