<?xml version="1.0" encoding="UTF-8"?>
<!-- Generated by org.testng.reporters.JUnitXMLReporter -->
<testsuite hostname="PG014UCR" name="Samsung7" tests="1" failures="1" timestamp="31 May 2018 10:45:44 GMT" time="29.213" errors="0">
  <testcase name="runCukes" time="28.688" classname="runner.com.cdNewCar.AndroidWebFramework.Runner_NewCarVerification">
    <failure type="cucumber.runtime.CucumberException" message="org.openqa.selenium.WebDriverException: Returned value cannot be converted to WebElement: {stacktrace=NoSuchDriverError: A session is either terminated or not started
    at asyncHandler$ (C:\Users\hiteshg\AppData\Local\Programs\Appium\resources\app\node_modules\appium-base-driver\lib\protocol\protocol.js:212:15)
    at tryCatch (C:\Users\hiteshg\AppData\Local\Programs\Appium\resources\app\node_modules\appium-base-driver\node_modules\babel-runtime\regenerator\runtime.js:67:40)
    at GeneratorFunctionPrototype.invoke [as _invoke] (C:\Users\hiteshg\AppData\Local\Programs\Appium\resources\app\node_modules\appium-base-driver\node_modules\babel-runtime\regenerator\runtime.js:315:22)
    at GeneratorFunctionPrototype.prototype.(anonymous function) [as next] (C:\Users\hiteshg\AppData\Local\Programs\Appium\resources\app\node_modules\appium-base-driver\node_modules\babel-runtime\regenerator\runtime.js:100:21)
    at invoke (C:\Users\hiteshg\AppData\Local\Programs\Appium\resources\app\node_modules\appium-base-driver\node_modules\babel-runtime\regenerator\runtime.js:136:37)
    at enqueueResult (C:\Users\hiteshg\AppData\Local\Programs\Appium\resources\app\node_modules\appium-base-driver\node_modules\babel-runtime\regenerator\runtime.js:185:17)
    at new Promise (&amp;lt;anonymous&amp;gt;)
    at new F (C:\Users\hiteshg\AppData\Local\Programs\Appium\resources\app\node_modules\appium-base-driver\node_modules\core-js\library\modules\$.export.js:30:36)
    at AsyncIterator.enqueue (C:\Users\hiteshg\AppData\Local\Programs\Appium\resources\app\node_modules\appium-base-driver\node_modules\babel-runtime\regenerator\runtime.js:184:12)
    at AsyncIterator.prototype.(anonymous function) [as next] (C:\Users\hiteshg\AppData\Local\Programs\Appium\resources\app\node_modules\appium-base-driver\node_modules\babel-runtime\regenerator\runtime.js:100:21)
    at Object.runtime.async (C:\Users\hiteshg\AppData\Local\Programs\Appium\resources\app\node_modules\appium-base-driver\node_modules\babel-runtime\regenerator\runtime.js:209:12)
    at asyncHandler (C:\Users\hiteshg\AppData\Local\Programs\Appium\resources\app\node_modules\appium-base-driver\build\lib\protocol\protocol.js:331:32)
    at C:\Users\hiteshg\AppData\Local\Programs\Appium\resources\app\node_modules\appium-base-driver\lib\protocol\protocol.js:394:15
    at Layer.handle [as handle_request] (C:\Users\hiteshg\AppData\Local\Programs\Appium\resources\app\node_modules\express\lib\router\layer.js:95:5)
    at next (C:\Users\hiteshg\AppData\Local\Programs\Appium\resources\app\node_modules\express\lib\router\route.js:137:13)
    at Route.dispatch (C:\Users\hiteshg\AppData\Local\Programs\Appium\resources\app\node_modules\express\lib\router\route.js:112:3)
    at Layer.handle [as handle_request] (C:\Users\hiteshg\AppData\Local\Programs\Appium\resources\app\node_modules\express\lib\router\layer.js:95:5)
    at C:\Users\hiteshg\AppData\Local\Programs\Appium\resources\app\node_modules\express\lib\router\index.js:281:22
    at param (C:\Users\hiteshg\AppData\Local\Programs\Appium\resources\app\node_modules\express\lib\router\index.js:354:14)
    at param (C:\Users\hiteshg\AppData\Local\Programs\Appium\resources\app\node_modules\express\lib\router\index.js:365:14)
    at Function.process_params (C:\Users\hiteshg\AppData\Local\Programs\Appium\resources\app\node_modules\express\lib\router\index.js:410:3)
    at next (C:\Users\hiteshg\AppData\Local\Programs\Appium\resources\app\node_modules\express\lib\router\index.js:275:10)
    at logger (C:\Users\hiteshg\AppData\Local\Programs\Appium\resources\app\node_modules\morgan\index.js:144:5)
    at Layer.handle [as handle_request] (C:\Users\hiteshg\AppData\Local\Programs\Appium\resources\app\node_modules\express\lib\router\layer.js:95:5)
    at trim_prefix (C:\Users\hiteshg\AppData\Local\Programs\Appium\resources\app\node_modules\express\lib\router\index.js:317:13)
    at C:\Users\hiteshg\AppData\Local\Programs\Appium\resources\app\node_modules\express\lib\router\index.js:284:7
    at Function.process_params (C:\Users\hiteshg\AppData\Local\Programs\Appium\resources\app\node_modules\express\lib\router\index.js:335:12)
    at next (C:\Users\hiteshg\AppData\Local\Programs\Appium\resources\app\node_modules\express\lib\router\index.js:275:10)
    at C:\Users\hiteshg\AppData\Local\Programs\Appium\resources\app\node_modules\body-parser\lib\read.js:130:5
    at invokeCallback (C:\Users\hiteshg\AppData\Local\Programs\Appium\resources\app\node_modules\raw-body\index.js:224:16)
    at done (C:\Users\hiteshg\AppData\Local\Programs\Appium\resources\app\node_modules\raw-body\index.js:213:7)
    at IncomingMessage.onEnd (C:\Users\hiteshg\AppData\Local\Programs\Appium\resources\app\node_modules\raw-body\index.js:273:7)
    at emitNone (events.js:106:13)
    at IncomingMessage.emit (events.js:208:7)
    at endReadableNT (_stream_readable.js:1056:12)
    at _combinedTickCallback (internal/process/next_tick.js:138:11)
    at process._tickCallback (internal/process/next_tick.js:180:9), error=invalid session id, message=A session is either terminated or not started}
Build info: version: &amp;apos;3.6.0&amp;apos;, revision: &amp;apos;6fbf3ec767&amp;apos;, time: &amp;apos;2017-09-27T15:28:36.4Z&amp;apos;
System info: host: &amp;apos;PG014UCR&amp;apos;, ip: &amp;apos;10.31.42.206&amp;apos;, os.name: &amp;apos;Windows 10&amp;apos;, os.arch: &amp;apos;amd64&amp;apos;, os.version: &amp;apos;10.0&amp;apos;, java.version: &amp;apos;1.8.0_60&amp;apos;
Driver info: driver.version: AppiumDriver">
      <![CDATA[cucumber.runtime.CucumberException: org.openqa.selenium.WebDriverException: Returned value cannot be converted to WebElement: {stacktrace=NoSuchDriverError: A session is either terminated or not started
    at asyncHandler$ (C:\Users\hiteshg\AppData\Local\Programs\Appium\resources\app\node_modules\appium-base-driver\lib\protocol\protocol.js:212:15)
    at tryCatch (C:\Users\hiteshg\AppData\Local\Programs\Appium\resources\app\node_modules\appium-base-driver\node_modules\babel-runtime\regenerator\runtime.js:67:40)
    at GeneratorFunctionPrototype.invoke [as _invoke] (C:\Users\hiteshg\AppData\Local\Programs\Appium\resources\app\node_modules\appium-base-driver\node_modules\babel-runtime\regenerator\runtime.js:315:22)
    at GeneratorFunctionPrototype.prototype.(anonymous function) [as next] (C:\Users\hiteshg\AppData\Local\Programs\Appium\resources\app\node_modules\appium-base-driver\node_modules\babel-runtime\regenerator\runtime.js:100:21)
    at invoke (C:\Users\hiteshg\AppData\Local\Programs\Appium\resources\app\node_modules\appium-base-driver\node_modules\babel-runtime\regenerator\runtime.js:136:37)
    at enqueueResult (C:\Users\hiteshg\AppData\Local\Programs\Appium\resources\app\node_modules\appium-base-driver\node_modules\babel-runtime\regenerator\runtime.js:185:17)
    at new Promise (<anonymous>)
    at new F (C:\Users\hiteshg\AppData\Local\Programs\Appium\resources\app\node_modules\appium-base-driver\node_modules\core-js\library\modules\$.export.js:30:36)
    at AsyncIterator.enqueue (C:\Users\hiteshg\AppData\Local\Programs\Appium\resources\app\node_modules\appium-base-driver\node_modules\babel-runtime\regenerator\runtime.js:184:12)
    at AsyncIterator.prototype.(anonymous function) [as next] (C:\Users\hiteshg\AppData\Local\Programs\Appium\resources\app\node_modules\appium-base-driver\node_modules\babel-runtime\regenerator\runtime.js:100:21)
    at Object.runtime.async (C:\Users\hiteshg\AppData\Local\Programs\Appium\resources\app\node_modules\appium-base-driver\node_modules\babel-runtime\regenerator\runtime.js:209:12)
    at asyncHandler (C:\Users\hiteshg\AppData\Local\Programs\Appium\resources\app\node_modules\appium-base-driver\build\lib\protocol\protocol.js:331:32)
    at C:\Users\hiteshg\AppData\Local\Programs\Appium\resources\app\node_modules\appium-base-driver\lib\protocol\protocol.js:394:15
    at Layer.handle [as handle_request] (C:\Users\hiteshg\AppData\Local\Programs\Appium\resources\app\node_modules\express\lib\router\layer.js:95:5)
    at next (C:\Users\hiteshg\AppData\Local\Programs\Appium\resources\app\node_modules\express\lib\router\route.js:137:13)
    at Route.dispatch (C:\Users\hiteshg\AppData\Local\Programs\Appium\resources\app\node_modules\express\lib\router\route.js:112:3)
    at Layer.handle [as handle_request] (C:\Users\hiteshg\AppData\Local\Programs\Appium\resources\app\node_modules\express\lib\router\layer.js:95:5)
    at C:\Users\hiteshg\AppData\Local\Programs\Appium\resources\app\node_modules\express\lib\router\index.js:281:22
    at param (C:\Users\hiteshg\AppData\Local\Programs\Appium\resources\app\node_modules\express\lib\router\index.js:354:14)
    at param (C:\Users\hiteshg\AppData\Local\Programs\Appium\resources\app\node_modules\express\lib\router\index.js:365:14)
    at Function.process_params (C:\Users\hiteshg\AppData\Local\Programs\Appium\resources\app\node_modules\express\lib\router\index.js:410:3)
    at next (C:\Users\hiteshg\AppData\Local\Programs\Appium\resources\app\node_modules\express\lib\router\index.js:275:10)
    at logger (C:\Users\hiteshg\AppData\Local\Programs\Appium\resources\app\node_modules\morgan\index.js:144:5)
    at Layer.handle [as handle_request] (C:\Users\hiteshg\AppData\Local\Programs\Appium\resources\app\node_modules\express\lib\router\layer.js:95:5)
    at trim_prefix (C:\Users\hiteshg\AppData\Local\Programs\Appium\resources\app\node_modules\express\lib\router\index.js:317:13)
    at C:\Users\hiteshg\AppData\Local\Programs\Appium\resources\app\node_modules\express\lib\router\index.js:284:7
    at Function.process_params (C:\Users\hiteshg\AppData\Local\Programs\Appium\resources\app\node_modules\express\lib\router\index.js:335:12)
    at next (C:\Users\hiteshg\AppData\Local\Programs\Appium\resources\app\node_modules\express\lib\router\index.js:275:10)
    at C:\Users\hiteshg\AppData\Local\Programs\Appium\resources\app\node_modules\body-parser\lib\read.js:130:5
    at invokeCallback (C:\Users\hiteshg\AppData\Local\Programs\Appium\resources\app\node_modules\raw-body\index.js:224:16)
    at done (C:\Users\hiteshg\AppData\Local\Programs\Appium\resources\app\node_modules\raw-body\index.js:213:7)
    at IncomingMessage.onEnd (C:\Users\hiteshg\AppData\Local\Programs\Appium\resources\app\node_modules\raw-body\index.js:273:7)
    at emitNone (events.js:106:13)
    at IncomingMessage.emit (events.js:208:7)
    at endReadableNT (_stream_readable.js:1056:12)
    at _combinedTickCallback (internal/process/next_tick.js:138:11)
    at process._tickCallback (internal/process/next_tick.js:180:9), error=invalid session id, message=A session is either terminated or not started}
Build info: version: '3.6.0', revision: '6fbf3ec767', time: '2017-09-27T15:28:36.4Z'
System info: host: 'PG014UCR', ip: '10.31.42.206', os.name: 'Windows 10', os.arch: 'amd64', os.version: '10.0', java.version: '1.8.0_60'
Driver info: driver.version: AppiumDriver
	at cucumber.api.testng.TestNGCucumberRunner.runCukes(TestNGCucumberRunner.java:57)
	at runner.com.cdNewCar.AndroidWebFramework.Runner_NewCarVerification.runCukes(Runner_NewCarVerification.java:116)
Caused by: org.openqa.selenium.WebDriverException: Returned value cannot be converted to WebElement: {stacktrace=NoSuchDriverError: A session is either terminated or not started
    at asyncHandler$ (C:\Users\hiteshg\AppData\Local\Programs\Appium\resources\app\node_modules\appium-base-driver\lib\protocol\protocol.js:212:15)
    at tryCatch (C:\Users\hiteshg\AppData\Local\Programs\Appium\resources\app\node_modules\appium-base-driver\node_modules\babel-runtime\regenerator\runtime.js:67:40)
    at GeneratorFunctionPrototype.invoke [as _invoke] (C:\Users\hiteshg\AppData\Local\Programs\Appium\resources\app\node_modules\appium-base-driver\node_modules\babel-runtime\regenerator\runtime.js:315:22)
    at GeneratorFunctionPrototype.prototype.(anonymous function) [as next] (C:\Users\hiteshg\AppData\Local\Programs\Appium\resources\app\node_modules\appium-base-driver\node_modules\babel-runtime\regenerator\runtime.js:100:21)
    at invoke (C:\Users\hiteshg\AppData\Local\Programs\Appium\resources\app\node_modules\appium-base-driver\node_modules\babel-runtime\regenerator\runtime.js:136:37)
    at enqueueResult (C:\Users\hiteshg\AppData\Local\Programs\Appium\resources\app\node_modules\appium-base-driver\node_modules\babel-runtime\regenerator\runtime.js:185:17)
    at new Promise (<anonymous>)
    at new F (C:\Users\hiteshg\AppData\Local\Programs\Appium\resources\app\node_modules\appium-base-driver\node_modules\core-js\library\modules\$.export.js:30:36)
    at AsyncIterator.enqueue (C:\Users\hiteshg\AppData\Local\Programs\Appium\resources\app\node_modules\appium-base-driver\node_modules\babel-runtime\regenerator\runtime.js:184:12)
    at AsyncIterator.prototype.(anonymous function) [as next] (C:\Users\hiteshg\AppData\Local\Programs\Appium\resources\app\node_modules\appium-base-driver\node_modules\babel-runtime\regenerator\runtime.js:100:21)
    at Object.runtime.async (C:\Users\hiteshg\AppData\Local\Programs\Appium\resources\app\node_modules\appium-base-driver\node_modules\babel-runtime\regenerator\runtime.js:209:12)
    at asyncHandler (C:\Users\hiteshg\AppData\Local\Programs\Appium\resources\app\node_modules\appium-base-driver\build\lib\protocol\protocol.js:331:32)
    at C:\Users\hiteshg\AppData\Local\Programs\Appium\resources\app\node_modules\appium-base-driver\lib\protocol\protocol.js:394:15
    at Layer.handle [as handle_request] (C:\Users\hiteshg\AppData\Local\Programs\Appium\resources\app\node_modules\express\lib\router\layer.js:95:5)
    at next (C:\Users\hiteshg\AppData\Local\Programs\Appium\resources\app\node_modules\express\lib\router\route.js:137:13)
    at Route.dispatch (C:\Users\hiteshg\AppData\Local\Programs\Appium\resources\app\node_modules\express\lib\router\route.js:112:3)
    at Layer.handle [as handle_request] (C:\Users\hiteshg\AppData\Local\Programs\Appium\resources\app\node_modules\express\lib\router\layer.js:95:5)
    at C:\Users\hiteshg\AppData\Local\Programs\Appium\resources\app\node_modules\express\lib\router\index.js:281:22
    at param (C:\Users\hiteshg\AppData\Local\Programs\Appium\resources\app\node_modules\express\lib\router\index.js:354:14)
    at param (C:\Users\hiteshg\AppData\Local\Programs\Appium\resources\app\node_modules\express\lib\router\index.js:365:14)
    at Function.process_params (C:\Users\hiteshg\AppData\Local\Programs\Appium\resources\app\node_modules\express\lib\router\index.js:410:3)
    at next (C:\Users\hiteshg\AppData\Local\Programs\Appium\resources\app\node_modules\express\lib\router\index.js:275:10)
    at logger (C:\Users\hiteshg\AppData\Local\Programs\Appium\resources\app\node_modules\morgan\index.js:144:5)
    at Layer.handle [as handle_request] (C:\Users\hiteshg\AppData\Local\Programs\Appium\resources\app\node_modules\express\lib\router\layer.js:95:5)
    at trim_prefix (C:\Users\hiteshg\AppData\Local\Programs\Appium\resources\app\node_modules\express\lib\router\index.js:317:13)
    at C:\Users\hiteshg\AppData\Local\Programs\Appium\resources\app\node_modules\express\lib\router\index.js:284:7
    at Function.process_params (C:\Users\hiteshg\AppData\Local\Programs\Appium\resources\app\node_modules\express\lib\router\index.js:335:12)
    at next (C:\Users\hiteshg\AppData\Local\Programs\Appium\resources\app\node_modules\express\lib\router\index.js:275:10)
    at C:\Users\hiteshg\AppData\Local\Programs\Appium\resources\app\node_modules\body-parser\lib\read.js:130:5
    at invokeCallback (C:\Users\hiteshg\AppData\Local\Programs\Appium\resources\app\node_modules\raw-body\index.js:224:16)
    at done (C:\Users\hiteshg\AppData\Local\Programs\Appium\resources\app\node_modules\raw-body\index.js:213:7)
    at IncomingMessage.onEnd (C:\Users\hiteshg\AppData\Local\Programs\Appium\resources\app\node_modules\raw-body\index.js:273:7)
    at emitNone (events.js:106:13)
    at IncomingMessage.emit (events.js:208:7)
    at endReadableNT (_stream_readable.js:1056:12)
    at _combinedTickCallback (internal/process/next_tick.js:138:11)
    at process._tickCallback (internal/process/next_tick.js:180:9), error=invalid session id, message=A session is either terminated or not started}
Build info: version: '3.6.0', revision: '6fbf3ec767', time: '2017-09-27T15:28:36.4Z'
System info: host: 'PG014UCR', ip: '10.31.42.206', os.name: 'Windows 10', os.arch: 'amd64', os.version: '10.0', java.version: '1.8.0_60'
Driver info: driver.version: AppiumDriver
	at org.openqa.selenium.remote.RemoteWebDriver.findElement(RemoteWebDriver.java:363)
	at io.appium.java_client.DefaultGenericMobileDriver.findElement(DefaultGenericMobileDriver.java:62)
	at io.appium.java_client.AppiumDriver.findElement(AppiumDriver.java:1)
	at org.openqa.selenium.remote.RemoteWebDriver.findElementByXPath(RemoteWebDriver.java:458)
	at io.appium.java_client.DefaultGenericMobileDriver.findElementByXPath(DefaultGenericMobileDriver.java:140)
	at io.appium.java_client.AppiumDriver.findElementByXPath(AppiumDriver.java:1)
	at org.openqa.selenium.By$ByXPath.findElement(By.java:361)
	at org.openqa.selenium.remote.RemoteWebDriver.findElement(RemoteWebDriver.java:348)
	at io.appium.java_client.DefaultGenericMobileDriver.findElement(DefaultGenericMobileDriver.java:58)
	at io.appium.java_client.AppiumDriver.findElement(AppiumDriver.java:1)
	at org.openqa.selenium.support.pagefactory.DefaultElementLocator.findElement(DefaultElementLocator.java:69)
	at org.openqa.selenium.support.pagefactory.internal.LocatingElementHandler.invoke(LocatingElementHandler.java:38)
	at com.sun.proxy.$Proxy21.isDisplayed(Unknown Source)
	at org.openqa.selenium.support.ui.ExpectedConditions.elementIfVisible(ExpectedConditions.java:301)
	at org.openqa.selenium.support.ui.ExpectedConditions.access$100(ExpectedConditions.java:43)
	at org.openqa.selenium.support.ui.ExpectedConditions$10.apply(ExpectedConditions.java:287)
	at org.openqa.selenium.support.ui.ExpectedConditions$10.apply(ExpectedConditions.java:284)
	at org.openqa.selenium.support.ui.ExpectedConditions$23.apply(ExpectedConditions.java:672)
	at org.openqa.selenium.support.ui.ExpectedConditions$23.apply(ExpectedConditions.java:668)
	at org.openqa.selenium.support.ui.FluentWait.until(FluentWait.java:208)
	at com.cucumber.framework.Helper.Wait.WaitHelper.waitForElement(WaitHelper.java:50)
	at com.cucumber.framework.pageobject.PG_HomePage_AndroidWeb.<init>(PG_HomePage_AndroidWeb.java:36)
	at com.cucumber.framework.stepdefinition.NewCar.TC_01_NewCarPageDisplayVerification.user_verifies_home_page_is_displayed(TC_01_NewCarPageDisplayVerification.java:32)
	at âœ½.Then user verifies home page is displayed(featurefile/NewCar/NewCar.feature:17)
Caused by: java.lang.ClassCastException: com.google.common.collect.Maps$TransformedEntriesMap cannot be cast to org.openqa.selenium.WebElement
	at org.openqa.selenium.remote.RemoteWebDriver.findElement(RemoteWebDriver.java:361)
	at io.appium.java_client.DefaultGenericMobileDriver.findElement(DefaultGenericMobileDriver.java:62)
	at io.appium.java_client.AppiumDriver.findElement(AppiumDriver.java:1)
	at org.openqa.selenium.remote.RemoteWebDriver.findElementByXPath(RemoteWebDriver.java:458)
	at io.appium.java_client.DefaultGenericMobileDriver.findElementByXPath(DefaultGenericMobileDriver.java:140)
	at io.appium.java_client.AppiumDriver.findElementByXPath(AppiumDriver.java:1)
	at org.openqa.selenium.By$ByXPath.findElement(By.java:361)
	at org.openqa.selenium.remote.RemoteWebDriver.findElement(RemoteWebDriver.java:348)
	at io.appium.java_client.DefaultGenericMobileDriver.findElement(DefaultGenericMobileDriver.java:58)
	at io.appium.java_client.AppiumDriver.findElement(AppiumDriver.java:1)
	at org.openqa.selenium.support.pagefactory.DefaultElementLocator.findElement(DefaultElementLocator.java:69)
	at org.openqa.selenium.support.pagefactory.internal.LocatingElementHandler.invoke(LocatingElementHandler.java:38)
	at com.sun.proxy.$Proxy21.isDisplayed(Unknown Source)
	at org.openqa.selenium.support.ui.ExpectedConditions.elementIfVisible(ExpectedConditions.java:301)
	at org.openqa.selenium.support.ui.ExpectedConditions.access$100(ExpectedConditions.java:43)
	at org.openqa.selenium.support.ui.ExpectedConditions$10.apply(ExpectedConditions.java:287)
	at org.openqa.selenium.support.ui.ExpectedConditions$10.apply(ExpectedConditions.java:284)
	at org.openqa.selenium.support.ui.ExpectedConditions$23.apply(ExpectedConditions.java:672)
	at org.openqa.selenium.support.ui.ExpectedConditions$23.apply(ExpectedConditions.java:668)
	at org.openqa.selenium.support.ui.FluentWait.until(FluentWait.java:208)
	at com.cucumber.framework.Helper.Wait.WaitHelper.waitForElement(WaitHelper.java:50)
	at com.cucumber.framework.pageobject.PG_HomePage_AndroidWeb.<init>(PG_HomePage_AndroidWeb.java:36)
	at com.cucumber.framework.stepdefinition.NewCar.TC_01_NewCarPageDisplayVerification.user_verifies_home_page_is_displayed(TC_01_NewCarPageDisplayVerification.java:32)
	at cucumber.runtime.Utils$1.call(Utils.java:40)
	at cucumber.runtime.Timeout.timeout(Timeout.java:16)
	at cucumber.runtime.Utils.invoke(Utils.java:34)
	at cucumber.runtime.java.JavaStepDefinition.execute(JavaStepDefinition.java:38)
	at cucumber.runtime.StepDefinitionMatch.runStep(StepDefinitionMatch.java:37)
	at cucumber.runtime.Runtime.runStep(Runtime.java:300)
	at cucumber.runtime.model.StepContainer.runStep(StepContainer.java:44)
	at cucumber.runtime.model.StepContainer.runSteps(StepContainer.java:39)
	at cucumber.runtime.model.CucumberScenario.run(CucumberScenario.java:44)
	at cucumber.runtime.model.CucumberFeature.run(CucumberFeature.java:165)
	at cucumber.api.testng.TestNGCucumberRunner.runCukes(TestNGCucumberRunner.java:50)
	at runner.com.cdNewCar.AndroidWebFramework.Runner_NewCarVerification.runCukes(Runner_NewCarVerification.java:116)
... Removed 52 stack frames]]>
    </failure>
  </testcase> <!-- runCukes -->
</testsuite> <!-- Samsung7 -->
